<?xml version="1.0" encoding="UTF-8"?>
<!-- Generated by org.testng.reporters.JUnitReportReporter -->
<testsuite hostname="DESKTOP-SBA9KVG" failures="0" tests="1" name="testBatches.TestBatches" time="22.006" errors="0" timestamp="08 Feb 2022 08:29:57 GMT" skipped="0">
  <testcase classname="testBatches.TestBatches" name="runUserChoice" time="22.006"/>
</testsuite> <!-- testBatches.TestBatches -->
