<?xml version="1.0" encoding="UTF-8"?>
<!-- Generated by org.testng.reporters.JUnitReportReporter -->
<testsuite hostname="DESKTOP-SBA9KVG" failures="0" tests="1" name="testBatches.TestBatches" time="17.839" errors="0" timestamp="13 Feb 2022 07:09:06 GMT" skipped="0">
  <testcase classname="testBatches.TestBatches" name="smokesuite" time="17.839"/>
</testsuite> <!-- testBatches.TestBatches -->
