<?xml version="1.0" encoding="UTF-8"?>
<!-- Generated by org.testng.reporters.JUnitReportReporter -->
<testsuite hostname="DESKTOP-SBA9KVG" failures="0" tests="3" name="com.Digitagee.TestNGPractice" time="0.022" errors="0" timestamp="04 Feb 2022 08:38:08 GMT" skipped="0">
  <testcase classname="com.Digitagee.TestNGPractice" name="replyMail" time="0.003"/>
  <testcase classname="com.Digitagee.TestNGPractice" name="deleteMail" time="0.004"/>
  <testcase classname="com.Digitagee.TestNGPractice" name="sendMail" time="0.015"/>
</testsuite> <!-- com.Digitagee.TestNGPractice -->
